<?xml version="1.0" encoding="UTF-8"?>
<testsuite xmlns:xsi="http://www.w3.org/2001/XMLSchema-instance" xsi:noNamespaceSchemaLocation="https://maven.apache.org/surefire/maven-surefire-plugin/xsd/surefire-test-report-3.0.xsd" version="3.0" name="com.example.prometheusdemo.PrometheusDemoApplicationTests" time="2.482" tests="1" errors="0" skipped="0" failures="0">
  <properties>
[...]
</properties>
  <testcase name="contextLoads" classname="com.example.prometheusdemo.PrometheusDemoApplicationTests" time="0.728">
    <system-out><![CDATA[18:51:38.266 [main] INFO org.springframework.test.context.support.AnnotationConfigContextLoaderUtils -- Could not detect default configuration classes for test class [com.example.prometheusdemo.PrometheusDemoApplicationTests]: PrometheusDemoApplicationTests does not declare any static, non-private, non-final, nested classes annotated with @Configuration.
18:51:38.325 [main] INFO org.springframework.boot.test.context.SpringBootTestContextBootstrapper -- Found @SpringBootConfiguration com.example.prometheusdemo.PrometheusDemoApplication for test class com.example.prometheusdemo.PrometheusDemoApplicationTests

  .   ____          _            __ _ _
 /\\ / ___'_ __ _ _(_)_ __  __ _ \ \ \ \
( ( )\___ | '_ | '_| | '_ \/ _` | \ \ \ \
 \\/  ___)| |_)| | | | | || (_| |  ) ) ) )
  '  |____| .__|_| |_|_| |_\__, | / / / /
 =========|_|==============|___/=/_/_/_/
 :: Spring Boot ::               (v3.1.10)

2024-03-27T18:51:38.603-04:00  INFO 16148 --- [           main] c.e.p.PrometheusDemoApplicationTests     : Starting PrometheusDemoApplicationTests using Java 17.0.8.1 with PID 16148 (started by 14665 in E:\prometheusDemo)
2024-03-27T18:51:38.604-04:00  INFO 16148 --- [           main] c.e.p.PrometheusDemoApplicationTests     : No active profile set, falling back to 1 default profile: "default"
2024-03-27T18:51:39.819-04:00  INFO 16148 --- [           main] o.s.b.a.e.web.EndpointLinksResolver      : Exposing 14 endpoint(s) beneath base path '/actuator'
2024-03-27T18:51:39.873-04:00  INFO 16148 --- [           main] c.e.p.PrometheusDemoApplicationTests     : Started PrometheusDemoApplicationTests in 1.458 seconds (process running for 2.063)
]]></system-out>
  </testcase>
</testsuite>